[2019-03-01 03:14:38] local.ERROR: SQLSTATE[23000]: Integrity constraint violation: 1062 Duplicate entry 'op@gmail.com' for key 'users_email_unique' (SQL: insert into `users` (`email`, `contact_no`, `name`, `password`, `department_id`, `user_lvl`, `position_id`, `updated_at`, `created_at`) values (op@gmail.com, 639554018107, Honorio M. Soriano Jr., $2y$10$Xden3MtY2KXcD9OaGISIE.dbIwExBEDtJoUThVArOIpBSEdYKUZ8W, 1, 1, 1, 2019-03-01 03:14:38, 2019-03-01 03:14:38)) {"exception":"[object] (Illuminate\\Database\\QueryException(code: 23000): SQLSTATE[23000]: Integrity constraint violation: 1062 Duplicate entry 'op@gmail.com' for key 'users_email_unique' (SQL: insert into `users` (`email`, `contact_no`, `name`, `password`, `department_id`, `user_lvl`, `position_id`, `updated_at`, `created_at`) values (op@gmail.com, 639554018107, Honorio M. Soriano Jr., $2y$10$Xden3MtY2KXcD9OaGISIE.dbIwExBEDtJoUThVArOIpBSEdYKUZ8W, 1, 1, 1, 2019-03-01 03:14:38, 2019-03-01 03:14:38)) at C:\\PPMP UPDATE\\update PPMP March3,2019\\PPMP\\PPMP\\vendor\\laravel\\framework\\src\\Illuminate\\Database\\Connection.php:664, PDOException(code: 23000): SQLSTATE[23000]: Integrity constraint violation: 1062 Duplicate entry 'op@gmail.com' for key 'users_email_unique' at C:\\PPMP UPDATE\\update PPMP March3,2019\\PPMP\\PPMP\\vendor\\laravel\\framework\\src\\Illuminate\\Database\\Connection.php:458)
[stacktrace]
#0 C:\\PPMP UPDATE\\update PPMP March3,2019\\PPMP\\PPMP\\vendor\\laravel\\framework\\src\\Illuminate\\Database\\Connection.php(624): Illuminate\\Database\\Connection->runQueryCallback('insert into `us...', Array, Object(Closure))
#1 C:\\PPMP UPDATE\\update PPMP March3,2019\\PPMP\\PPMP\\vendor\\laravel\\framework\\src\\Illuminate\\Database\\Connection.php(459): Illuminate\\Database\\Connection->run('insert into `us...', Array, Object(Closure))
#2 C:\\PPMP UPDATE\\update PPMP March3,2019\\PPMP\\PPMP\\vendor\\laravel\\framework\\src\\Illuminate\\Database\\Connection.php(411): Illuminate\\Database\\Connection->statement('insert into `us...', Array)
#3 C:\\PPMP UPDATE\\update PPMP March3,2019\\PPMP\\PPMP\\vendor\\laravel\\framework\\src\\Illuminate\\Database\\Query\\Processors\\Processor.php(32): Illuminate\\Database\\Connection->insert('insert into `us...', Array)
#4 C:\\PPMP UPDATE\\update PPMP March3,2019\\PPMP\\PPMP\\vendor\\laravel\\framework\\src\\Illuminate\\Database\\Query\\Builder.php(2628): Illuminate\\Database\\Query\\Processors\\Processor->processInsertGetId(Object(Illuminate\\Database\\Query\\Builder), 'insert into `us...', Array, 'id')
#5 C:\\PPMP UPDATE\\update PPMP March3,2019\\PPMP\\PPMP\\vendor\\laravel\\framework\\src\\Illuminate\\Database\\Eloquent\\Builder.php(1338): Illuminate\\Database\\Query\\Builder->insertGetId(Array, 'id')
#6 C:\\PPMP UPDATE\\update PPMP March3,2019\\PPMP\\PPMP\\vendor\\laravel\\framework\\src\\Illuminate\\Database\\Eloquent\\Model.php(823): Illuminate\\Database\\Eloquent\\Builder->__call('insertGetId', Array)
#7 C:\\PPMP UPDATE\\update PPMP March3,2019\\PPMP\\PPMP\\vendor\\laravel\\framework\\src\\Illuminate\\Database\\Eloquent\\Model.php(788): Illuminate\\Database\\Eloquent\\Model->insertAndSetId(Object(Illuminate\\Database\\Eloquent\\Builder), Array)
#8 C:\\PPMP UPDATE\\update PPMP March3,2019\\PPMP\\PPMP\\vendor\\laravel\\framework\\src\\Illuminate\\Database\\Eloquent\\Model.php(651): Illuminate\\Database\\Eloquent\\Model->performInsert(Object(Illuminate\\Database\\Eloquent\\Builder))
#9 C:\\PPMP UPDATE\\update PPMP March3,2019\\PPMP\\PPMP\\vendor\\laravel\\framework\\src\\Illuminate\\Database\\Eloquent\\Builder.php(793): Illuminate\\Database\\Eloquent\\Model->save()
#10 C:\\PPMP UPDATE\\update PPMP March3,2019\\PPMP\\PPMP\\vendor\\laravel\\framework\\src\\Illuminate\\Support\\helpers.php(1027): Illuminate\\Database\\Eloquent\\Builder->Illuminate\\Database\\Eloquent\\{closure}(Object(App\\User))
#11 C:\\PPMP UPDATE\\update PPMP March3,2019\\PPMP\\PPMP\\vendor\\laravel\\framework\\src\\Illuminate\\Database\\Eloquent\\Builder.php(794): tap(Object(App\\User), Object(Closure))
#12 C:\\PPMP UPDATE\\update PPMP March3,2019\\PPMP\\PPMP\\vendor\\laravel\\framework\\src\\Illuminate\\Support\\Traits\\ForwardsCalls.php(23): Illuminate\\Database\\Eloquent\\Builder->create(Array)
#13 C:\\PPMP UPDATE\\update PPMP March3,2019\\PPMP\\PPMP\\vendor\\laravel\\framework\\src\\Illuminate\\Database\\Eloquent\\Model.php(1610): Illuminate\\Database\\Eloquent\\Model->forwardCallTo(Object(Illuminate\\Database\\Eloquent\\Builder), 'create', Array)
#14 C:\\PPMP UPDATE\\update PPMP March3,2019\\PPMP\\PPMP\\vendor\\laravel\\framework\\src\\Illuminate\\Database\\Eloquent\\Model.php(1622): Illuminate\\Database\\Eloquent\\Model->__call('create', Array)
#15 C:\\PPMP UPDATE\\update PPMP March3,2019\\PPMP\\PPMP\\database\\seeds\\UserTableSeeder.php(97): Illuminate\\Database\\Eloquent\\Model::__callStatic('create', Array)
#16 [internal function]: UserTableSeeder->run()
#17 C:\\PPMP UPDATE\\update PPMP March3,2019\\PPMP\\PPMP\\vendor\\laravel\\framework\\src\\Illuminate\\Container\\BoundMethod.php(29): call_user_func_array(Array, Array)
#18 C:\\PPMP UPDATE\\update PPMP March3,2019\\PPMP\\PPMP\\vendor\\laravel\\framework\\src\\Illuminate\\Container\\BoundMethod.php(87): Illuminate\\Container\\BoundMethod::Illuminate\\Container\\{closure}()
#19 C:\\PPMP UPDATE\\update PPMP March3,2019\\PPMP\\PPMP\\vendor\\laravel\\framework\\src\\Illuminate\\Container\\BoundMethod.php(31): Illuminate\\Container\\BoundMethod::callBoundMethod(Object(Illuminate\\Foundation\\Application), Array, Object(Closure))
#20 C:\\PPMP UPDATE\\update PPMP March3,2019\\PPMP\\PPMP\\vendor\\laravel\\framework\\src\\Illuminate\\Container\\Container.php(572): Illuminate\\Container\\BoundMethod::call(Object(Illuminate\\Foundation\\Application), Array, Array, NULL)
#21 C:\\PPMP UPDATE\\update PPMP March3,2019\\PPMP\\PPMP\\vendor\\laravel\\framework\\src\\Illuminate\\Database\\Seeder.php(122): Illuminate\\Container\\Container->call(Array)
#22 C:\\PPMP UPDATE\\update PPMP March3,2019\\PPMP\\PPMP\\vendor\\laravel\\framework\\src\\Illuminate\\Database\\Seeder.php(42): Illuminate\\Database\\Seeder->__invoke()
#23 C:\\PPMP UPDATE\\update PPMP March3,2019\\PPMP\\PPMP\\database\\seeds\\DatabaseSeeder.php(14): Illuminate\\Database\\Seeder->call('UserTableSeeder')
#24 [internal function]: DatabaseSeeder->run()
#25 C:\\PPMP UPDATE\\update PPMP March3,2019\\PPMP\\PPMP\\vendor\\laravel\\framework\\src\\Illuminate\\Container\\BoundMethod.php(29): call_user_func_array(Array, Array)
#26 C:\\PPMP UPDATE\\update PPMP March3,2019\\PPMP\\PPMP\\vendor\\laravel\\framework\\src\\Illuminate\\Container\\BoundMethod.php(87): Illuminate\\Container\\BoundMethod::Illuminate\\Container\\{closure}()
#27 C:\\PPMP UPDATE\\update PPMP March3,2019\\PPMP\\PPMP\\vendor\\laravel\\framework\\src\\Illuminate\\Container\\BoundMethod.php(31): Illuminate\\Container\\BoundMethod::callBoundMethod(Object(Illuminate\\Foundation\\Application), Array, Object(Closure))
#28 C:\\PPMP UPDATE\\update PPMP March3,2019\\PPMP\\PPMP\\vendor\\laravel\\framework\\src\\Illuminate\\Container\\Container.php(572): Illuminate\\Container\\BoundMethod::call(Object(Illuminate\\Foundation\\Application), Array, Array, NULL)
#29 C:\\PPMP UPDATE\\update PPMP March3,2019\\PPMP\\PPMP\\vendor\\laravel\\framework\\src\\Illuminate\\Database\\Seeder.php(122): Illuminate\\Container\\Container->call(Array)
#30 C:\\PPMP UPDATE\\update PPMP March3,2019\\PPMP\\PPMP\\vendor\\laravel\\framework\\src\\Illuminate\\Database\\Console\\Seeds\\SeedCommand.php(63): Illuminate\\Database\\Seeder->__invoke()
#31 C:\\PPMP UPDATE\\update PPMP March3,2019\\PPMP\\PPMP\\vendor\\laravel\\framework\\src\\Illuminate\\Database\\Eloquent\\Concerns\\GuardsAttributes.php(122): Illuminate\\Database\\Console\\Seeds\\SeedCommand->Illuminate\\Database\\Console\\Seeds\\{closure}()
#32 C:\\PPMP UPDATE\\update PPMP March3,2019\\PPMP\\PPMP\\vendor\\laravel\\framework\\src\\Illuminate\\Database\\Console\\Seeds\\SeedCommand.php(64): Illuminate\\Database\\Eloquent\\Model::unguarded(Object(Closure))
#33 [internal function]: Illuminate\\Database\\Console\\Seeds\\SeedCommand->handle()
#34 C:\\PPMP UPDATE\\update PPMP March3,2019\\PPMP\\PPMP\\vendor\\laravel\\framework\\src\\Illuminate\\Container\\BoundMethod.php(29): call_user_func_array(Array, Array)
#35 C:\\PPMP UPDATE\\update PPMP March3,2019\\PPMP\\PPMP\\vendor\\laravel\\framework\\src\\Illuminate\\Container\\BoundMethod.php(87): Illuminate\\Container\\BoundMethod::Illuminate\\Container\\{closure}()
#36 C:\\PPMP UPDATE\\update PPMP March3,2019\\PPMP\\PPMP\\vendor\\laravel\\framework\\src\\Illuminate\\Container\\BoundMethod.php(31): Illuminate\\Container\\BoundMethod::callBoundMethod(Object(Illuminate\\Foundation\\Application), Array, Object(Closure))
#37 C:\\PPMP UPDATE\\update PPMP March3,2019\\PPMP\\PPMP\\vendor\\laravel\\framework\\src\\Illuminate\\Container\\Container.php(572): Illuminate\\Container\\BoundMethod::call(Object(Illuminate\\Foundation\\Application), Array, Array, NULL)
#38 C:\\PPMP UPDATE\\update PPMP March3,2019\\PPMP\\PPMP\\vendor\\laravel\\framework\\src\\Illuminate\\Console\\Command.php(183): Illuminate\\Container\\Container->call(Array)
#39 C:\\PPMP UPDATE\\update PPMP March3,2019\\PPMP\\PPMP\\vendor\\symfony\\console\\Command\\Command.php(255): Illuminate\\Console\\Command->execute(Object(Symfony\\Component\\Console\\Input\\ArgvInput), Object(Illuminate\\Console\\OutputStyle))
#40 C:\\PPMP UPDATE\\update PPMP March3,2019\\PPMP\\PPMP\\vendor\\laravel\\framework\\src\\Illuminate\\Console\\Command.php(170): Symfony\\Component\\Console\\Command\\Command->run(Object(Symfony\\Component\\Console\\Input\\ArgvInput), Object(Illuminate\\Console\\OutputStyle))
#41 C:\\PPMP UPDATE\\update PPMP March3,2019\\PPMP\\PPMP\\vendor\\symfony\\console\\Application.php(901): Illuminate\\Console\\Command->run(Object(Symfony\\Component\\Console\\Input\\ArgvInput), Object(Symfony\\Component\\Console\\Output\\ConsoleOutput))
#42 C:\\PPMP UPDATE\\update PPMP March3,2019\\PPMP\\PPMP\\vendor\\symfony\\console\\Application.php(262): Symfony\\Component\\Console\\Application->doRunCommand(Object(Illuminate\\Database\\Console\\Seeds\\SeedCommand), Object(Symfony\\Component\\Console\\Input\\ArgvInput), Object(Symfony\\Component\\Console\\Output\\ConsoleOutput))
#43 C:\\PPMP UPDATE\\update PPMP March3,2019\\PPMP\\PPMP\\vendor\\symfony\\console\\Application.php(145): Symfony\\Component\\Console\\Application->doRun(Object(Symfony\\Component\\Console\\Input\\ArgvInput), Object(Symfony\\Component\\Console\\Output\\ConsoleOutput))
#44 C:\\PPMP UPDATE\\update PPMP March3,2019\\PPMP\\PPMP\\vendor\\laravel\\framework\\src\\Illuminate\\Console\\Application.php(89): Symfony\\Component\\Console\\Application->run(Object(Symfony\\Component\\Console\\Input\\ArgvInput), Object(Symfony\\Component\\Console\\Output\\ConsoleOutput))
#45 C:\\PPMP UPDATE\\update PPMP March3,2019\\PPMP\\PPMP\\vendor\\laravel\\framework\\src\\Illuminate\\Foundation\\Console\\Kernel.php(122): Illuminate\\Console\\Application->run(Object(Symfony\\Component\\Console\\Input\\ArgvInput), Object(Symfony\\Component\\Console\\Output\\ConsoleOutput))
#46 C:\\PPMP UPDATE\\update PPMP March3,2019\\PPMP\\PPMP\\artisan(37): Illuminate\\Foundation\\Console\\Kernel->handle(Object(Symfony\\Component\\Console\\Input\\ArgvInput), Object(Symfony\\Component\\Console\\Output\\ConsoleOutput))
#47 {main}
"} 
[2019-03-01 03:15:30] local.ERROR: SQLSTATE[23000]: Integrity constraint violation: 1062 Duplicate entry 'op@gmail.com' for key 'users_email_unique' (SQL: insert into `users` (`email`, `contact_no`, `name`, `password`, `department_id`, `user_lvl`, `position_id`, `updated_at`, `created_at`) values (op@gmail.com, 639554018107, Honorio M. Soriano Jr., $2y$10$8ZsQAUDJ8XkUeNHy/ZWW8OGLBsFjLgoq3QEUD19DwHKakkk12mIdi, 1, 1, 1, 2019-03-01 03:15:30, 2019-03-01 03:15:30)) {"exception":"[object] (Illuminate\\Database\\QueryException(code: 23000): SQLSTATE[23000]: Integrity constraint violation: 1062 Duplicate entry 'op@gmail.com' for key 'users_email_unique' (SQL: insert into `users` (`email`, `contact_no`, `name`, `password`, `department_id`, `user_lvl`, `position_id`, `updated_at`, `created_at`) values (op@gmail.com, 639554018107, Honorio M. Soriano Jr., $2y$10$8ZsQAUDJ8XkUeNHy/ZWW8OGLBsFjLgoq3QEUD19DwHKakkk12mIdi, 1, 1, 1, 2019-03-01 03:15:30, 2019-03-01 03:15:30)) at C:\\PPMP UPDATE\\update PPMP March3,2019\\PPMP\\PPMP\\vendor\\laravel\\framework\\src\\Illuminate\\Database\\Connection.php:664, PDOException(code: 23000): SQLSTATE[23000]: Integrity constraint violation: 1062 Duplicate entry 'op@gmail.com' for key 'users_email_unique' at C:\\PPMP UPDATE\\update PPMP March3,2019\\PPMP\\PPMP\\vendor\\laravel\\framework\\src\\Illuminate\\Database\\Connection.php:458)
[stacktrace]
#0 C:\\PPMP UPDATE\\update PPMP March3,2019\\PPMP\\PPMP\\vendor\\laravel\\framework\\src\\Illuminate\\Database\\Connection.php(624): Illuminate\\Database\\Connection->runQueryCallback('insert into `us...', Array, Object(Closure))
#1 C:\\PPMP UPDATE\\update PPMP March3,2019\\PPMP\\PPMP\\vendor\\laravel\\framework\\src\\Illuminate\\Database\\Connection.php(459): Illuminate\\Database\\Connection->run('insert into `us...', Array, Object(Closure))
#2 C:\\PPMP UPDATE\\update PPMP March3,2019\\PPMP\\PPMP\\vendor\\laravel\\framework\\src\\Illuminate\\Database\\Connection.php(411): Illuminate\\Database\\Connection->statement('insert into `us...', Array)
#3 C:\\PPMP UPDATE\\update PPMP March3,2019\\PPMP\\PPMP\\vendor\\laravel\\framework\\src\\Illuminate\\Database\\Query\\Processors\\Processor.php(32): Illuminate\\Database\\Connection->insert('insert into `us...', Array)
#4 C:\\PPMP UPDATE\\update PPMP March3,2019\\PPMP\\PPMP\\vendor\\laravel\\framework\\src\\Illuminate\\Database\\Query\\Builder.php(2628): Illuminate\\Database\\Query\\Processors\\Processor->processInsertGetId(Object(Illuminate\\Database\\Query\\Builder), 'insert into `us...', Array, 'id')
#5 C:\\PPMP UPDATE\\update PPMP March3,2019\\PPMP\\PPMP\\vendor\\laravel\\framework\\src\\Illuminate\\Database\\Eloquent\\Builder.php(1338): Illuminate\\Database\\Query\\Builder->insertGetId(Array, 'id')
#6 C:\\PPMP UPDATE\\update PPMP March3,2019\\PPMP\\PPMP\\vendor\\laravel\\framework\\src\\Illuminate\\Database\\Eloquent\\Model.php(823): Illuminate\\Database\\Eloquent\\Builder->__call('insertGetId', Array)
#7 C:\\PPMP UPDATE\\update PPMP March3,2019\\PPMP\\PPMP\\vendor\\laravel\\framework\\src\\Illuminate\\Database\\Eloquent\\Model.php(788): Illuminate\\Database\\Eloquent\\Model->insertAndSetId(Object(Illuminate\\Database\\Eloquent\\Builder), Array)
#8 C:\\PPMP UPDATE\\update PPMP March3,2019\\PPMP\\PPMP\\vendor\\laravel\\framework\\src\\Illuminate\\Database\\Eloquent\\Model.php(651): Illuminate\\Database\\Eloquent\\Model->performInsert(Object(Illuminate\\Database\\Eloquent\\Builder))
#9 C:\\PPMP UPDATE\\update PPMP March3,2019\\PPMP\\PPMP\\vendor\\laravel\\framework\\src\\Illuminate\\Database\\Eloquent\\Builder.php(793): Illuminate\\Database\\Eloquent\\Model->save()
#10 C:\\PPMP UPDATE\\update PPMP March3,2019\\PPMP\\PPMP\\vendor\\laravel\\framework\\src\\Illuminate\\Support\\helpers.php(1027): Illuminate\\Database\\Eloquent\\Builder->Illuminate\\Database\\Eloquent\\{closure}(Object(App\\User))
#11 C:\\PPMP UPDATE\\update PPMP March3,2019\\PPMP\\PPMP\\vendor\\laravel\\framework\\src\\Illuminate\\Database\\Eloquent\\Builder.php(794): tap(Object(App\\User), Object(Closure))
#12 C:\\PPMP UPDATE\\update PPMP March3,2019\\PPMP\\PPMP\\vendor\\laravel\\framework\\src\\Illuminate\\Support\\Traits\\ForwardsCalls.php(23): Illuminate\\Database\\Eloquent\\Builder->create(Array)
#13 C:\\PPMP UPDATE\\update PPMP March3,2019\\PPMP\\PPMP\\vendor\\laravel\\framework\\src\\Illuminate\\Database\\Eloquent\\Model.php(1610): Illuminate\\Database\\Eloquent\\Model->forwardCallTo(Object(Illuminate\\Database\\Eloquent\\Builder), 'create', Array)
#14 C:\\PPMP UPDATE\\update PPMP March3,2019\\PPMP\\PPMP\\vendor\\laravel\\framework\\src\\Illuminate\\Database\\Eloquent\\Model.php(1622): Illuminate\\Database\\Eloquent\\Model->__call('create', Array)
#15 C:\\PPMP UPDATE\\update PPMP March3,2019\\PPMP\\PPMP\\database\\seeds\\UserTableSeeder.php(97): Illuminate\\Database\\Eloquent\\Model::__callStatic('create', Array)
#16 [internal function]: UserTableSeeder->run()
#17 C:\\PPMP UPDATE\\update PPMP March3,2019\\PPMP\\PPMP\\vendor\\laravel\\framework\\src\\Illuminate\\Container\\BoundMethod.php(29): call_user_func_array(Array, Array)
#18 C:\\PPMP UPDATE\\update PPMP March3,2019\\PPMP\\PPMP\\vendor\\laravel\\framework\\src\\Illuminate\\Container\\BoundMethod.php(87): Illuminate\\Container\\BoundMethod::Illuminate\\Container\\{closure}()
#19 C:\\PPMP UPDATE\\update PPMP March3,2019\\PPMP\\PPMP\\vendor\\laravel\\framework\\src\\Illuminate\\Container\\BoundMethod.php(31): Illuminate\\Container\\BoundMethod::callBoundMethod(Object(Illuminate\\Foundation\\Application), Array, Object(Closure))
#20 C:\\PPMP UPDATE\\update PPMP March3,2019\\PPMP\\PPMP\\vendor\\laravel\\framework\\src\\Illuminate\\Container\\Container.php(572): Illuminate\\Container\\BoundMethod::call(Object(Illuminate\\Foundation\\Application), Array, Array, NULL)
#21 C:\\PPMP UPDATE\\update PPMP March3,2019\\PPMP\\PPMP\\vendor\\laravel\\framework\\src\\Illuminate\\Database\\Seeder.php(122): Illuminate\\Container\\Container->call(Array)
#22 C:\\PPMP UPDATE\\update PPMP March3,2019\\PPMP\\PPMP\\vendor\\laravel\\framework\\src\\Illuminate\\Database\\Seeder.php(42): Illuminate\\Database\\Seeder->__invoke()
#23 C:\\PPMP UPDATE\\update PPMP March3,2019\\PPMP\\PPMP\\database\\seeds\\DatabaseSeeder.php(14): Illuminate\\Database\\Seeder->call('UserTableSeeder')
#24 [internal function]: DatabaseSeeder->run()
#25 C:\\PPMP UPDATE\\update PPMP March3,2019\\PPMP\\PPMP\\vendor\\laravel\\framework\\src\\Illuminate\\Container\\BoundMethod.php(29): call_user_func_array(Array, Array)
#26 C:\\PPMP UPDATE\\update PPMP March3,2019\\PPMP\\PPMP\\vendor\\laravel\\framework\\src\\Illuminate\\Container\\BoundMethod.php(87): Illuminate\\Container\\BoundMethod::Illuminate\\Container\\{closure}()
#27 C:\\PPMP UPDATE\\update PPMP March3,2019\\PPMP\\PPMP\\vendor\\laravel\\framework\\src\\Illuminate\\Container\\BoundMethod.php(31): Illuminate\\Container\\BoundMethod::callBoundMethod(Object(Illuminate\\Foundation\\Application), Array, Object(Closure))
#28 C:\\PPMP UPDATE\\update PPMP March3,2019\\PPMP\\PPMP\\vendor\\laravel\\framework\\src\\Illuminate\\Container\\Container.php(572): Illuminate\\Container\\BoundMethod::call(Object(Illuminate\\Foundation\\Application), Array, Array, NULL)
#29 C:\\PPMP UPDATE\\update PPMP March3,2019\\PPMP\\PPMP\\vendor\\laravel\\framework\\src\\Illuminate\\Database\\Seeder.php(122): Illuminate\\Container\\Container->call(Array)
#30 C:\\PPMP UPDATE\\update PPMP March3,2019\\PPMP\\PPMP\\vendor\\laravel\\framework\\src\\Illuminate\\Database\\Console\\Seeds\\SeedCommand.php(63): Illuminate\\Database\\Seeder->__invoke()
#31 C:\\PPMP UPDATE\\update PPMP March3,2019\\PPMP\\PPMP\\vendor\\laravel\\framework\\src\\Illuminate\\Database\\Eloquent\\Concerns\\GuardsAttributes.php(122): Illuminate\\Database\\Console\\Seeds\\SeedCommand->Illuminate\\Database\\Console\\Seeds\\{closure}()
#32 C:\\PPMP UPDATE\\update PPMP March3,2019\\PPMP\\PPMP\\vendor\\laravel\\framework\\src\\Illuminate\\Database\\Console\\Seeds\\SeedCommand.php(64): Illuminate\\Database\\Eloquent\\Model::unguarded(Object(Closure))
#33 [internal function]: Illuminate\\Database\\Console\\Seeds\\SeedCommand->handle()
#34 C:\\PPMP UPDATE\\update PPMP March3,2019\\PPMP\\PPMP\\vendor\\laravel\\framework\\src\\Illuminate\\Container\\BoundMethod.php(29): call_user_func_array(Array, Array)
#35 C:\\PPMP UPDATE\\update PPMP March3,2019\\PPMP\\PPMP\\vendor\\laravel\\framework\\src\\Illuminate\\Container\\BoundMethod.php(87): Illuminate\\Container\\BoundMethod::Illuminate\\Container\\{closure}()
#36 C:\\PPMP UPDATE\\update PPMP March3,2019\\PPMP\\PPMP\\vendor\\laravel\\framework\\src\\Illuminate\\Container\\BoundMethod.php(31): Illuminate\\Container\\BoundMethod::callBoundMethod(Object(Illuminate\\Foundation\\Application), Array, Object(Closure))
#37 C:\\PPMP UPDATE\\update PPMP March3,2019\\PPMP\\PPMP\\vendor\\laravel\\framework\\src\\Illuminate\\Container\\Container.php(572): Illuminate\\Container\\BoundMethod::call(Object(Illuminate\\Foundation\\Application), Array, Array, NULL)
#38 C:\\PPMP UPDATE\\update PPMP March3,2019\\PPMP\\PPMP\\vendor\\laravel\\framework\\src\\Illuminate\\Console\\Command.php(183): Illuminate\\Container\\Container->call(Array)
#39 C:\\PPMP UPDATE\\update PPMP March3,2019\\PPMP\\PPMP\\vendor\\symfony\\console\\Command\\Command.php(255): Illuminate\\Console\\Command->execute(Object(Symfony\\Component\\Console\\Input\\ArgvInput), Object(Illuminate\\Console\\OutputStyle))
#40 C:\\PPMP UPDATE\\update PPMP March3,2019\\PPMP\\PPMP\\vendor\\laravel\\framework\\src\\Illuminate\\Console\\Command.php(170): Symfony\\Component\\Console\\Command\\Command->run(Object(Symfony\\Component\\Console\\Input\\ArgvInput), Object(Illuminate\\Console\\OutputStyle))
#41 C:\\PPMP UPDATE\\update PPMP March3,2019\\PPMP\\PPMP\\vendor\\symfony\\console\\Application.php(901): Illuminate\\Console\\Command->run(Object(Symfony\\Component\\Console\\Input\\ArgvInput), Object(Symfony\\Component\\Console\\Output\\ConsoleOutput))
#42 C:\\PPMP UPDATE\\update PPMP March3,2019\\PPMP\\PPMP\\vendor\\symfony\\console\\Application.php(262): Symfony\\Component\\Console\\Application->doRunCommand(Object(Illuminate\\Database\\Console\\Seeds\\SeedCommand), Object(Symfony\\Component\\Console\\Input\\ArgvInput), Object(Symfony\\Component\\Console\\Output\\ConsoleOutput))
#43 C:\\PPMP UPDATE\\update PPMP March3,2019\\PPMP\\PPMP\\vendor\\symfony\\console\\Application.php(145): Symfony\\Component\\Console\\Application->doRun(Object(Symfony\\Component\\Console\\Input\\ArgvInput), Object(Symfony\\Component\\Console\\Output\\ConsoleOutput))
#44 C:\\PPMP UPDATE\\update PPMP March3,2019\\PPMP\\PPMP\\vendor\\laravel\\framework\\src\\Illuminate\\Console\\Application.php(89): Symfony\\Component\\Console\\Application->run(Object(Symfony\\Component\\Console\\Input\\ArgvInput), Object(Symfony\\Component\\Console\\Output\\ConsoleOutput))
#45 C:\\PPMP UPDATE\\update PPMP March3,2019\\PPMP\\PPMP\\vendor\\laravel\\framework\\src\\Illuminate\\Foundation\\Console\\Kernel.php(122): Illuminate\\Console\\Application->run(Object(Symfony\\Component\\Console\\Input\\ArgvInput), Object(Symfony\\Component\\Console\\Output\\ConsoleOutput))
#46 C:\\PPMP UPDATE\\update PPMP March3,2019\\PPMP\\PPMP\\artisan(37): Illuminate\\Foundation\\Console\\Kernel->handle(Object(Symfony\\Component\\Console\\Input\\ArgvInput), Object(Symfony\\Component\\Console\\Output\\ConsoleOutput))
#47 {main}
"} 
